{"level":"info","message":"Server starting...","port":"5000","timestamp":"2025-01-31T10:24:06.941Z"}
2025-01-31T10:24:10.727Z [info]: Server starting... {"port":"5000"}
2025-01-31T10:24:15.400Z [info]: Server starting... {"port":"5000"}
2025-01-31T10:24:20.293Z [info]: Server starting... {"port":"5000"}
2025-01-31T10:30:52.046Z [info]: Server starting... {"port":"5000"}
2025-01-31T10:30:53.687Z [info]: Server starting... {"port":"5000"}
2025-01-31T10:30:55.739Z [info]: Server starting... {"port":"5000"}
2025-01-31T11:25:53.151Z [info]: Server starting... {"port":"5000"}
2025-01-31T11:26:09.313Z [info]: Server starting... {"port":"5000"}
2025-01-31T11:26:13.076Z [info]: Server starting... {"port":"5000"}
2025-01-31T11:26:14.643Z [info]: Server starting... {"port":"5000"}
2025-01-31T11:26:16.316Z [info]: Server starting... {"port":"5000"}
2025-01-31T11:30:18.601Z [info]: Server starting... {"port":"5000"}
2025-01-31T11:30:59.136Z [info]: Server starting... {"port":"5000"}
2025-01-31T11:31:02.150Z [info]: Server starting... {"port":"5000"}
2025-01-31T11:31:04.718Z [info]: Server starting... {"port":"5000"}
2025-01-31T11:31:16.541Z [info]: Server starting... {"port":"5000"}
2025-01-31T11:39:46.033Z [info]: Server starting... {"port":"5000"}
2025-01-31T11:39:50.891Z [info]: Server starting... {"port":"5000"}
2025-01-31T11:40:59.842Z [warn]: Starting server in HTTP mode - SSL certificates not found 
2025-01-31T11:40:59.845Z [info]: Server starting... {"nodeEnv":"production","port":"5000"}
2025-01-31T11:40:59.850Z [info]: Server running on port 5000 in HTTP mode 
2025-01-31T11:42:02.841Z [warn]: Starting server in HTTP mode - SSL certificates not found 
2025-01-31T11:42:02.844Z [info]: Server starting... {"nodeEnv":"production","port":"5000"}
2025-01-31T11:42:02.849Z [info]: Server running on port 5000 in HTTP mode 
2025-01-31T11:42:04.063Z [warn]: Starting server in HTTP mode - SSL certificates not found 
2025-01-31T11:42:04.066Z [info]: Server starting... {"nodeEnv":"production","port":"5000"}
2025-01-31T11:42:04.071Z [info]: Server running on port 5000 in HTTP mode 
2025-01-31T11:42:05.380Z [warn]: Starting server in HTTP mode - SSL certificates not found 
2025-01-31T11:42:05.382Z [info]: Server starting... {"nodeEnv":"production","port":"5000"}
2025-01-31T11:42:05.387Z [info]: Server running on port 5000 in HTTP mode 
2025-01-31T11:42:44.636Z [warn]: Starting server in HTTP mode - SSL certificates not found 
2025-01-31T11:42:44.638Z [info]: Server starting... {"nodeEnv":"production","port":"5000"}
2025-01-31T11:42:44.643Z [info]: Server running on port 5000 in HTTP mode 
2025-01-31T11:42:48.279Z [warn]: Starting server in HTTP mode - ENOENT: no such file or directory, open 'C:\Users\ASUS\Desktop\Trailtrekker\backend\certificates\private-key.pem' 
2025-01-31T11:42:48.282Z [info]: Server starting... {"nodeEnv":"production","port":"5000"}
2025-01-31T11:42:48.287Z [info]: Server running on port 5000 in HTTP mode 
2025-01-31T11:44:44.662Z [warn]: Starting server in HTTP mode - ENOENT: no such file or directory, open 'C:\Users\ASUS\Desktop\Trailtrekker\backend\certificates\private-key.pem' 
2025-01-31T11:44:44.670Z [info]: Server starting... {"nodeEnv":"production","port":"5000"}
2025-01-31T11:44:44.684Z [info]: Server running on port 5000 in HTTP mode 
2025-01-31T11:44:47.128Z [warn]: Starting server in HTTP mode - ENOENT: no such file or directory, open 'C:\Users\ASUS\Desktop\Trailtrekker\backend\certificates\private-key.pem' 
2025-01-31T11:44:47.133Z [info]: Server starting... {"nodeEnv":"production","port":"5000"}
2025-01-31T11:44:47.142Z [info]: Server running on port 5000 in HTTP mode 
2025-01-31T11:44:48.302Z [warn]: Starting server in HTTP mode - ENOENT: no such file or directory, open 'C:\Users\ASUS\Desktop\Trailtrekker\backend\certificates\private-key.pem' 
2025-01-31T11:44:48.304Z [info]: Server starting... {"nodeEnv":"production","port":"5000"}
2025-01-31T11:44:48.309Z [info]: Server running on port 5000 in HTTP mode 
2025-01-31T11:44:51.138Z [warn]: Starting server in HTTP mode - ENOENT: no such file or directory, open 'C:\Users\ASUS\Desktop\Trailtrekker\backend\certificates\private-key.pem' 
2025-01-31T11:44:51.142Z [info]: Server starting... {"nodeEnv":"production","port":"5000"}
2025-01-31T11:44:51.146Z [info]: Server running on port 5000 in HTTP mode 
2025-01-31T11:46:59.509Z [info]: Server starting... {"nodeEnv":"production","port":"5000"}
2025-01-31T11:47:01.829Z [info]: Server starting... {"nodeEnv":"production","port":"5000"}
2025-01-31T12:42:26.059Z [info]: Server starting... {"port":"5000"}
2025-01-31T12:42:30.827Z [info]: Server starting... {"port":"5000"}
2025-01-31T12:42:34.542Z [info]: Server starting... {"port":"5000"}
2025-01-31T12:42:37.257Z [info]: Server starting... {"port":"5000"}
2025-01-31T12:44:00.057Z [info]: Server starting... {"port":"5000"}
2025-01-31T12:44:02.573Z [info]: Server starting... {"port":"5000"}
2025-01-31T12:45:15.112Z [info]: Server starting... {"port":"5000"}
2025-01-31T12:45:20.041Z [info]: Server starting... {"port":"5000"}
2025-01-31T12:45:41.556Z [error]: Login error: user.cleanExpiredSessions is not a function {"stack":"TypeError: user.cleanExpiredSessions is not a function\n    at loginUser (C:\\Users\\ASUS\\Desktop\\Trailtrekker\\backend\\controllers\\userControllers.js:142:20)"}
2025-01-31T12:45:48.606Z [error]: Login error: user.cleanExpiredSessions is not a function {"stack":"TypeError: user.cleanExpiredSessions is not a function\n    at loginUser (C:\\Users\\ASUS\\Desktop\\Trailtrekker\\backend\\controllers\\userControllers.js:142:20)"}
2025-01-31T12:46:19.836Z [info]: Server starting... {"port":"5000"}
2025-01-31T12:46:23.155Z [info]: Server starting... {"port":"5000"}
2025-01-31T12:46:30.328Z [info]: Server starting... {"port":"5000"}
2025-01-31T12:46:35.205Z [info]: Server starting... {"port":"5000"}
2025-01-31T12:46:57.834Z [info]: Server starting... {"port":"5000"}
2025-01-31T12:46:59.596Z [info]: Server starting... {"port":"5000"}
2025-01-31T12:47:24.055Z [info]: Server starting... {"port":"5000"}
2025-01-31T12:47:27.412Z [info]: Server starting... {"port":"5000"}
2025-01-31T12:47:32.812Z [info]: Server starting... {"port":"5000"}
2025-01-31T12:47:39.081Z [info]: Server starting... {"port":"5000"}
2025-01-31T12:48:31.081Z [info]: Server starting... {"port":"5000"}
2025-01-31T12:48:38.072Z [info]: Server starting... {"port":"5000"}
2025-01-31T12:49:48.180Z [info]: Server starting... {"port":"5000"}
2025-01-31T12:49:55.364Z [info]: Server starting... {"port":"5000"}
2025-01-31T12:50:15.811Z [info]: Server starting... {"port":"5000"}
2025-01-31T12:50:21.126Z [info]: Server starting... {"port":"5000"}
2025-01-31T12:50:22.777Z [info]: Server starting... {"port":"5000"}
2025-01-31T12:51:22.166Z [info]: Server starting... {"port":"5000"}
2025-01-31T12:51:27.197Z [info]: Server starting... {"port":"5000"}
2025-01-31T12:51:36.001Z [info]: Server starting... {"port":"5000"}
2025-01-31T12:51:40.221Z [info]: Server starting... {"port":"5000"}
2025-01-31T12:52:22.532Z [info]: Server starting... {"port":"5000"}
2025-01-31T12:52:27.509Z [info]: Server starting... {"port":"5000"}
2025-01-31T12:52:29.438Z [info]: Server starting... {"port":"5000"}
2025-01-31T13:31:48.617Z [info]: Server starting... {"port":"5000"}
{"level":"info","message":"Server starting...","port":"5000","timestamp":"2025-01-31T13:31:50.397Z"}
{"level":"info","message":"Server starting...","port":"5000","timestamp":"2025-01-31T13:31:54.180Z"}
{"level":"info","message":"Server starting...","port":"5000","timestamp":"2025-01-31T13:33:39.563Z"}
{"level":"info","message":"Server starting...","port":"5000","timestamp":"2025-01-31T13:33:43.129Z"}
{"level":"info","message":"Server starting...","port":"5000","timestamp":"2025-01-31T13:33:47.124Z"}
{"level":"info","message":"Server starting...","port":"5000","timestamp":"2025-01-31T13:50:03.989Z"}
{"level":"info","message":"Server starting...","port":"5000","timestamp":"2025-01-31T13:50:10.413Z"}
{"level":"info","message":"Server starting...","port":"5000","timestamp":"2025-01-31T13:50:12.949Z"}
{"level":"info","message":"Server starting...","port":"5000","timestamp":"2025-01-31T13:52:46.719Z"}
{"level":"info","message":"Server starting...","port":"5000","timestamp":"2025-01-31T13:52:53.121Z"}
{"level":"info","message":"Server starting...","port":"5000","timestamp":"2025-01-31T13:54:33.216Z"}
{"level":"info","message":"Server starting...","port":"5000","timestamp":"2025-01-31T13:54:40.047Z"}
{"level":"info","message":"Server starting...","port":"5000","timestamp":"2025-01-31T13:54:43.238Z"}
{"level":"info","message":"Server starting...","port":"5000","timestamp":"2025-01-31T13:54:44.372Z"}
{"ip":"127.0.0.1","level":"warn","message":"CSRF attempt detected","method":"POST","path":"/api/user/login","timestamp":"2025-01-31T13:56:08.204Z","userAgent":"Mozilla/5.0 (Windows NT 10.0; Win64; x64) AppleWebKit/537.36 (KHTML, like Gecko) Chrome/132.0.0.0 Safari/537.36"}
{"ip":"127.0.0.1","level":"warn","message":"CSRF attempt detected","method":"POST","path":"/api/user/login","timestamp":"2025-01-31T13:56:23.887Z","userAgent":"Mozilla/5.0 (Windows NT 10.0; Win64; x64) AppleWebKit/537.36 (KHTML, like Gecko) Chrome/132.0.0.0 Safari/537.36"}
{"level":"info","message":"Server starting...","port":"5000","timestamp":"2025-01-31T13:56:35.276Z"}
{"level":"info","message":"Server starting...","port":"5000","timestamp":"2025-01-31T14:06:47.488Z"}
{"level":"info","message":"Server starting...","port":"5000","timestamp":"2025-01-31T14:07:22.114Z"}
{"level":"info","message":"Server starting...","port":"5000","timestamp":"2025-01-31T14:07:45.036Z"}
{"level":"info","message":"Server starting...","port":"5000","timestamp":"2025-01-31T14:08:11.833Z"}
{"level":"info","message":"Server starting...","port":"5000","timestamp":"2025-01-31T14:08:23.207Z"}
{"level":"info","message":"Server starting...","port":"5000","timestamp":"2025-01-31T14:08:38.369Z"}
{"level":"info","message":"Server starting...","port":"5000","timestamp":"2025-01-31T14:08:46.010Z"}
{"level":"info","message":"Server starting...","port":"5000","timestamp":"2025-01-31T14:08:52.133Z"}
{"level":"info","message":"Server starting...","port":"5000","timestamp":"2025-01-31T14:08:58.536Z"}
{"level":"info","message":"Server starting...","port":"5000","timestamp":"2025-01-31T14:09:04.127Z"}
{"level":"info","message":"Server starting...","port":"5000","timestamp":"2025-01-31T14:09:30.051Z"}
{"level":"info","message":"Server starting...","port":"5000","timestamp":"2025-01-31T14:09:54.062Z"}
{"level":"info","message":"Server starting...","port":"5000","timestamp":"2025-01-31T14:09:57.914Z"}
{"level":"info","message":"Server starting...","port":"5000","timestamp":"2025-01-31T14:10:07.626Z"}
{"level":"info","message":"Server starting...","port":"5000","timestamp":"2025-01-31T14:10:15.063Z"}
{"level":"info","message":"Server starting...","port":"5000","timestamp":"2025-01-31T14:10:22.261Z"}
{"level":"info","message":"Server starting...","port":"5000","timestamp":"2025-01-31T14:10:28.769Z"}
{"level":"info","message":"Server starting...","port":"5000","timestamp":"2025-01-31T14:10:38.552Z"}
{"level":"info","message":"Server starting...","port":"5000","timestamp":"2025-01-31T14:10:44.718Z"}
{"level":"info","message":"Server starting...","port":"5000","timestamp":"2025-01-31T14:10:50.737Z"}
{"level":"info","message":"Server starting...","port":"5000","timestamp":"2025-01-31T14:10:56.492Z"}
{"level":"info","message":"Server starting...","port":"5000","timestamp":"2025-01-31T14:11:05.509Z"}
{"level":"info","message":"Server starting...","port":"5000","timestamp":"2025-01-31T14:11:15.063Z"}
{"level":"info","message":"Server starting...","port":"5000","timestamp":"2025-01-31T14:11:21.956Z"}
{"level":"info","message":"Server starting...","port":"5000","timestamp":"2025-01-31T14:11:29.303Z"}
{"level":"info","message":"Server starting...","port":"5000","timestamp":"2025-01-31T14:11:51.086Z"}
{"level":"info","message":"Server starting...","port":"5000","timestamp":"2025-01-31T14:12:08.552Z"}
{"level":"info","message":"Server starting...","port":"5000","timestamp":"2025-01-31T14:12:12.088Z"}
{"level":"info","message":"Server starting...","port":"5000","timestamp":"2025-01-31T14:12:18.913Z"}
{"level":"info","message":"Server starting...","port":"5000","timestamp":"2025-01-31T14:12:25.778Z"}
{"level":"info","message":"Server starting...","port":"5000","timestamp":"2025-01-31T14:12:31.386Z"}
{"level":"info","message":"Server starting...","port":"5000","timestamp":"2025-01-31T14:12:40.608Z"}
{"level":"info","message":"Server starting...","port":"5000","timestamp":"2025-01-31T14:12:44.185Z"}
{"level":"info","message":"Server starting...","port":"5000","timestamp":"2025-01-31T14:12:51.186Z"}
{"level":"info","message":"Server starting...","port":"5000","timestamp":"2025-01-31T14:17:08.347Z"}
{"level":"info","message":"Server starting...","port":"5000","timestamp":"2025-01-31T14:17:14.357Z"}
{"level":"info","message":"Server starting...","port":"5000","timestamp":"2025-01-31T14:17:20.317Z"}
{"ip":"127.0.0.1","level":"info","message":"Incoming request","method":"GET","path":"/products/undefined","timestamp":"2025-01-31T14:18:24.420Z","userAgent":"Mozilla/5.0 (Windows NT 10.0; Win64; x64) AppleWebKit/537.36 (KHTML, like Gecko) Chrome/132.0.0.0 Safari/537.36"}
{"duration":5,"ip":"127.0.0.1","level":"warn","message":"Request issue detected","method":"GET","path":"/products/undefined","statusCode":404,"timestamp":"2025-01-31T14:18:24.432Z"}
{"level":"info","message":"Server starting...","port":"5000","timestamp":"2025-01-31T14:19:35.219Z"}
{"level":"info","message":"Server starting...","port":"5000","timestamp":"2025-01-31T14:19:36.516Z"}
{"level":"info","message":"Server starting...","port":"5000","timestamp":"2025-01-31T14:19:39.616Z"}
{"level":"info","message":"Server starting...","port":"5000","timestamp":"2025-01-31T14:26:44.807Z"}
{"level":"info","message":"Server starting...","port":"5000","timestamp":"2025-01-31T14:26:48.273Z"}
{"level":"info","message":"Server starting...","port":"5000","timestamp":"2025-01-31T14:27:15.627Z"}
{"level":"info","message":"Server starting...","port":"5000","timestamp":"2025-01-31T14:27:47.748Z"}
{"level":"info","message":"Server starting...","port":"5000","timestamp":"2025-01-31T14:27:57.013Z"}
{"code":"ERR_CRYPTO_INVALID_KEYLEN","level":"error","message":"Encryption error: Invalid key length","stack":"RangeError: Invalid key length\n    at Cipheriv.createCipherBase (node:internal/crypto/cipher:122:19)\n    at Cipheriv.createCipherWithIV (node:internal/crypto/cipher:141:3)\n    at new Cipheriv (node:internal/crypto/cipher:249:3)\n    at Object.createCipheriv (node:crypto:141:10)\n    at Object.encrypt (C:\\Users\\ASUS\\Desktop\\Trailtrekker\\backend\\utils\\encryption.js:13:35)\n    at createUser (C:\\Users\\ASUS\\Desktop\\Trailtrekker\\backend\\controllers\\userControllers.js:31:43)\n    at Layer.handle [as handle_request] (C:\\Users\\ASUS\\Desktop\\Trailtrekker\\backend\\node_modules\\express\\lib\\router\\layer.js:95:5)\n    at next (C:\\Users\\ASUS\\Desktop\\Trailtrekker\\backend\\node_modules\\express\\lib\\router\\route.js:149:13)\n    at Route.dispatch (C:\\Users\\ASUS\\Desktop\\Trailtrekker\\backend\\node_modules\\express\\lib\\router\\route.js:119:3)\n    at Layer.handle [as handle_request] (C:\\Users\\ASUS\\Desktop\\Trailtrekker\\backend\\node_modules\\express\\lib\\router\\layer.js:95:5)","timestamp":"2025-01-31T14:28:49.306Z"}
{"level":"error","message":"User creation error: Encryption failed","stack":"Error: Encryption failed\n    at Object.encrypt (C:\\Users\\ASUS\\Desktop\\Trailtrekker\\backend\\utils\\encryption.js:19:19)\n    at createUser (C:\\Users\\ASUS\\Desktop\\Trailtrekker\\backend\\controllers\\userControllers.js:31:43)\n    at Layer.handle [as handle_request] (C:\\Users\\ASUS\\Desktop\\Trailtrekker\\backend\\node_modules\\express\\lib\\router\\layer.js:95:5)\n    at next (C:\\Users\\ASUS\\Desktop\\Trailtrekker\\backend\\node_modules\\express\\lib\\router\\route.js:149:13)\n    at Route.dispatch (C:\\Users\\ASUS\\Desktop\\Trailtrekker\\backend\\node_modules\\express\\lib\\router\\route.js:119:3)\n    at Layer.handle [as handle_request] (C:\\Users\\ASUS\\Desktop\\Trailtrekker\\backend\\node_modules\\express\\lib\\router\\layer.js:95:5)\n    at C:\\Users\\ASUS\\Desktop\\Trailtrekker\\backend\\node_modules\\express\\lib\\router\\index.js:284:15\n    at Function.process_params (C:\\Users\\ASUS\\Desktop\\Trailtrekker\\backend\\node_modules\\express\\lib\\router\\index.js:346:12)\n    at next (C:\\Users\\ASUS\\Desktop\\Trailtrekker\\backend\\node_modules\\express\\lib\\router\\index.js:280:10)\n    at Function.handle (C:\\Users\\ASUS\\Desktop\\Trailtrekker\\backend\\node_modules\\express\\lib\\router\\index.js:175:3)","timestamp":"2025-01-31T14:28:49.316Z"}
{"level":"info","message":"Server starting...","port":"5000","timestamp":"2025-01-31T14:29:07.262Z"}
{"level":"info","message":"Server starting...","port":"5000","timestamp":"2025-02-01T03:59:38.014Z"}
{"level":"info","message":"Server starting...","port":"5000","timestamp":"2025-02-01T12:36:23.868Z"}
{"level":"info","message":"Server starting...","port":"5000","timestamp":"2025-02-01T17:15:49.711Z"}
{"level":"info","message":"Server starting...","port":"5000","timestamp":"2025-02-01T17:15:53.732Z"}
{"level":"info","message":"Server starting...","port":"5000","timestamp":"2025-02-01T17:15:56.184Z"}
{"level":"info","message":"Server starting...","port":"5000","timestamp":"2025-02-01T17:15:59.782Z"}
{"level":"info","message":"Server starting...","port":"5000","timestamp":"2025-02-01T17:18:28.812Z"}
{"level":"info","message":"Server starting...","port":"5000","timestamp":"2025-02-01T17:25:00.607Z"}
{"level":"info","message":"Server starting...","port":"5000","timestamp":"2025-02-01T17:27:38.555Z"}
{"level":"info","message":"Server starting...","port":"5000","timestamp":"2025-02-01T17:27:44.504Z"}
{"level":"info","message":"Server starting...","port":"5000","timestamp":"2025-02-01T17:27:46.555Z"}
{"level":"info","message":"Server starting...","port":"5000","timestamp":"2025-02-02T04:08:48.331Z"}
{"level":"info","message":"Server starting...","port":"5000","timestamp":"2025-02-02T04:13:36.572Z"}
{"level":"info","message":"Server starting...","port":"5000","timestamp":"2025-02-02T04:13:39.554Z"}
{"level":"info","message":"Server starting...","port":"5000","timestamp":"2025-02-02T04:15:21.229Z"}
{"level":"info","message":"Server starting...","port":"5000","timestamp":"2025-02-02T04:15:30.135Z"}
{"level":"info","message":"Server starting...","port":"5000","timestamp":"2025-02-02T04:17:00.573Z"}
{"level":"info","message":"Server starting...","port":"5000","timestamp":"2025-02-02T04:17:06.554Z"}
{"level":"info","message":"Server starting...","port":"5000","timestamp":"2025-02-02T04:17:12.065Z"}
{"level":"info","message":"Server starting...","port":"5000","timestamp":"2025-02-02T04:18:49.775Z"}
{"level":"info","message":"Server starting...","port":"5000","timestamp":"2025-02-02T04:18:52.668Z"}
{"level":"info","message":"Server starting...","port":"5000","timestamp":"2025-02-02T04:21:04.651Z"}
{"level":"info","message":"Server starting...","port":"5000","timestamp":"2025-02-02T04:21:11.047Z"}
{"level":"info","message":"Server starting...","port":"5000","timestamp":"2025-02-02T04:21:21.830Z"}
{"level":"info","message":"Server starting...","port":"5000","timestamp":"2025-02-02T04:22:36.906Z"}
{"level":"info","message":"Server starting...","port":"5000","timestamp":"2025-02-02T04:22:39.223Z"}
{"code":8000,"codeName":"AtlasError","connectionGeneration":0,"errorResponse":{"code":8000,"codeName":"AtlasError","errmsg":"bad auth : Authentication failed.","ok":0},"level":"error","message":"MongoDB connection error: bad auth : Authentication failed.","ok":0,"stack":"MongoServerError: bad auth : Authentication failed.\n    at Connection.sendCommand (C:\\Users\\ASUS\\Desktop\\Trailtrekker\\backend\\node_modules\\mongodb\\lib\\cmap\\connection.js:281:27)\n    at process.processTicksAndRejections (node:internal/process/task_queues:95:5)\n    at async Connection.command (C:\\Users\\ASUS\\Desktop\\Trailtrekker\\backend\\node_modules\\mongodb\\lib\\cmap\\connection.js:304:26)\n    at async executeScram (C:\\Users\\ASUS\\Desktop\\Trailtrekker\\backend\\node_modules\\mongodb\\lib\\cmap\\auth\\scram.js:79:22)\n    at async performInitialHandshake (C:\\Users\\ASUS\\Desktop\\Trailtrekker\\backend\\node_modules\\mongodb\\lib\\cmap\\connect.js:101:13)\n    at async connect (C:\\Users\\ASUS\\Desktop\\Trailtrekker\\backend\\node_modules\\mongodb\\lib\\cmap\\connect.js:19:9)","timestamp":"2025-02-02T04:22:39.841Z"}
{"level":"info","message":"Server starting...","port":"5000","timestamp":"2025-02-02T04:22:58.241Z"}
{"code":8000,"codeName":"AtlasError","connectionGeneration":0,"errorResponse":{"code":8000,"codeName":"AtlasError","errmsg":"bad auth : Authentication failed.","ok":0},"level":"error","message":"MongoDB connection error: bad auth : Authentication failed.","ok":0,"stack":"MongoServerError: bad auth : Authentication failed.\n    at Connection.sendCommand (C:\\Users\\ASUS\\Desktop\\Trailtrekker\\backend\\node_modules\\mongodb\\lib\\cmap\\connection.js:281:27)\n    at process.processTicksAndRejections (node:internal/process/task_queues:95:5)\n    at async Connection.command (C:\\Users\\ASUS\\Desktop\\Trailtrekker\\backend\\node_modules\\mongodb\\lib\\cmap\\connection.js:304:26)\n    at async executeScram (C:\\Users\\ASUS\\Desktop\\Trailtrekker\\backend\\node_modules\\mongodb\\lib\\cmap\\auth\\scram.js:79:22)\n    at async performInitialHandshake (C:\\Users\\ASUS\\Desktop\\Trailtrekker\\backend\\node_modules\\mongodb\\lib\\cmap\\connect.js:101:13)\n    at async connect (C:\\Users\\ASUS\\Desktop\\Trailtrekker\\backend\\node_modules\\mongodb\\lib\\cmap\\connect.js:19:9)","timestamp":"2025-02-02T04:22:59.068Z"}
{"level":"info","message":"Server starting...","port":"5000","timestamp":"2025-02-02T04:23:09.957Z"}
{"level":"info","message":"Server starting...","port":"5000","timestamp":"2025-02-02T04:24:23.872Z"}
{"level":"info","message":"Server starting...","port":"5000","timestamp":"2025-02-02T04:24:28.073Z"}
{"level":"info","message":"Server starting...","port":"5000","timestamp":"2025-02-02T04:24:47.095Z"}
{"level":"info","message":"Server starting...","port":"5000","timestamp":"2025-02-02T04:25:28.208Z"}
{"level":"info","message":"Server starting...","port":"5000","timestamp":"2025-02-02T04:25:32.471Z"}
{"level":"info","message":"Server starting...","port":"5000","timestamp":"2025-02-02T04:25:37.819Z"}
{"level":"info","message":"Server starting...","port":"5000","timestamp":"2025-02-02T04:26:15.875Z"}
{"level":"info","message":"Server starting...","port":"5000","timestamp":"2025-02-02T04:26:19.545Z"}
{"level":"info","message":"Server starting...","port":"5000","timestamp":"2025-02-02T04:27:07.322Z"}
{"level":"info","message":"Server starting...","port":"5000","timestamp":"2025-02-02T04:27:10.089Z"}
{"level":"info","message":"Server starting...","port":"5000","timestamp":"2025-02-02T04:27:18.207Z"}
{"level":"info","message":"Server starting...","port":"5000","timestamp":"2025-02-02T04:27:20.530Z"}
{"level":"info","message":"Server starting...","port":"5000","timestamp":"2025-02-02T04:29:38.036Z"}
{"level":"info","message":"Server starting...","port":"5000","timestamp":"2025-02-02T04:29:43.702Z"}
{"level":"info","message":"Server starting...","port":"5000","timestamp":"2025-02-02T04:29:49.164Z"}
{"level":"info","message":"Server starting...","port":"5000","timestamp":"2025-02-02T06:38:22.074Z"}
{"ip":"127.0.0.1","level":"info","message":"Incoming request","method":"GET","path":"/products/undefined","timestamp":"2025-02-02T06:43:12.182Z","userAgent":"Mozilla/5.0 (Windows NT 10.0; Win64; x64) AppleWebKit/537.36 (KHTML, like Gecko) Chrome/132.0.0.0 Safari/537.36"}
{"ip":"127.0.0.1","level":"info","message":"Incoming request","method":"GET","path":"/products/","timestamp":"2025-02-02T06:44:05.181Z","userAgent":"Mozilla/5.0 (Windows NT 10.0; Win64; x64) AppleWebKit/537.36 (KHTML, like Gecko) Chrome/132.0.0.0 Safari/537.36"}
{"ip":"127.0.0.1","level":"info","message":"Incoming request","method":"GET","path":"/products/undefined","timestamp":"2025-02-02T06:47:22.469Z","userAgent":"Mozilla/5.0 (Windows NT 10.0; Win64; x64) AppleWebKit/537.36 (KHTML, like Gecko) Chrome/132.0.0.0 Safari/537.36"}
{"ip":"127.0.0.1","level":"info","message":"Incoming request","method":"GET","path":"/products/","timestamp":"2025-02-02T06:48:06.069Z","userAgent":"Mozilla/5.0 (Windows NT 10.0; Win64; x64) AppleWebKit/537.36 (KHTML, like Gecko) Chrome/132.0.0.0 Safari/537.36"}
{"level":"info","message":"Server starting...","port":"5000","timestamp":"2025-02-09T10:35:26.207Z"}
{"level":"info","message":"Server starting...","port":"5000","timestamp":"2025-02-09T11:25:16.140Z"}
{"level":"info","message":"Server starting...","port":"5000","timestamp":"2025-02-09T11:25:18.850Z"}
{"level":"info","message":"Server starting...","port":"5000","timestamp":"2025-02-09T11:26:45.822Z"}
{"level":"info","message":"Server starting...","port":"5000","timestamp":"2025-02-09T11:26:50.403Z"}
{"level":"info","message":"Server starting...","port":"5000","timestamp":"2025-02-09T11:31:22.450Z"}
{"level":"info","message":"Server starting...","port":"5000","timestamp":"2025-02-09T11:33:20.856Z"}
{"ip":"127.0.0.1","level":"info","message":"Incoming request","method":"GET","path":"/products/undefined","timestamp":"2025-02-09T11:34:21.148Z","userAgent":"Mozilla/5.0 (Windows NT 10.0; Win64; x64) AppleWebKit/537.36 (KHTML, like Gecko) Chrome/133.0.0.0 Safari/537.36"}
{"level":"info","message":"Server starting...","port":"5000","timestamp":"2025-02-09T11:34:55.229Z"}
